Command: cmd.exe /C "start /B "" "C:\xampp\php\php.exe" "C:\xampp\htdocs\github\hrManagement\auth\emailSender.php" "1" "created" "" "" "" "2200496" "2200496#21asdasSS""
Command: cmd.exe /C "start /B "" "C:\xampp\php\php.exe" "C:\xampp\htdocs\github\hrManagement\auth\emailSender.php" "2" "created" "" "" "" "2200496sdA" "2200496sdA#""
Command: cmd.exe /C "start /B "" "C:\xampp\php\php.exe" "C:\xampp\htdocs\github\hrManagement\auth\emailSender.php" "4" "created" "" "" "" "2200498faa" "2200498faa#1A""
Command: cmd.exe /C "start /B "" "C:\xampp\php\php.exe" "C:\xampp\htdocs\github\hrManagement\auth\emailSender.php" "5" "created" "" "" "" "2200496" "2200496#A""
Command: cmd.exe /C "start /B "" "C:\xampp\php\php.exe" "C:\xampp\htdocs\github\hrManagement\auth\emailSender.php" "6" "created" "" "" "" "Admin@21sdasdasdasd" "asdsadasd#AA 1""
Command: cmd.exe /C "start /B "" "C:\xampp\php\php.exe" "C:\xampp\htdocs\github\hrManagement\auth\emailSender.php" "7" "created" "" "" "" "Admin@21asd" "P1234567#""
Command: cmd.exe /C "start /B "" "C:\xampp\php\php.exe" "C:\xampp\htdocs\github\hrManagement\auth\emailSender.php" "8" "created" "" "" "" "asdasd" "#1Pasdasd""
Command: cmd.exe /C "start /B "" "C:\xampp\php\php.exe" "C:\xampp\htdocs\github\hrManagement\auth\emailSender.php" "9" "created" "" "" "" "asd" "asdasdasdR2@""
Command: cmd.exe /C "start /B "" "C:\xampp\php\php.exe" "C:\xampp\htdocs\github\hrManagement\auth\emailSender.php" "17" "created" "" "" "" "Admin@21asddas" "P0#qwerqwer""
Command: start /B php "C:\xampp\htdocs\github\hrManagement\auth\emailSender.php" "1" "password" "" "" "" "" "" "nhV2aT""
Command: start /B php "C:\xampp\htdocs\github\hrManagement\auth\emailSender.php" "1" "password" "" "" "" "" "" "IsDC2r""
Command: start /B php "C:\xampp\htdocs\github\hrManagement\auth\emailSender.php" "1" "password" "" "" "" "" "" "5Dwn4c""
Command: start /B php "C:\xampp\htdocs\github\hrManagement\auth\emailSender.php" "1" "password" "" "" "" "" "" "iUhcgt""
Command: start /B php "C:\xampp\htdocs\github\hrManagement\auth\emailSender.php" "1" "password" "" "" "" "" "" "RfMBmI""
Command: start /B php "C:\xampp\htdocs\github\hrManagement\auth\emailSender.php" "1" "password" "" "" "" "" "" "nhGOEJ""
Command: start /B php "C:\xampp\htdocs\github\hrManagement\auth\emailSender.php" "1" "password" "" "" "" "" "" "LXREJW""
Command: start /B php "C:\xampp\htdocs\github\hrManagement\auth\emailSender.php" "1" "password" "" "" "" "" "" "PWcdgp""
Command: start /B php "C:\xampp\htdocs\github\hrManagement\auth\emailSender.php" "" "password" "" "" "" "" "" """
Command: start /B php "C:\xampp\htdocs\github\hrManagement\auth\emailSender.php" "" "password" "" "" "" "" "" """
Command: start /B php "C:\xampp\htdocs\github\hrManagement\auth\emailSender.php" "" "password" "" "" "" "" "" """
Command: start /B php "C:\xampp\htdocs\github\hrManagement\auth\emailSender.php" "" "password" "" "" "" "" "" """
Command: start /B php "C:\xampp\htdocs\github\hrManagement\auth\emailSender.php" "" "password" "" "" "" "" "" """
Command: start /B php "C:\xampp\htdocs\github\hrManagement\auth\emailSender.php" "" "password" "" "" "" "" "" """
Command: start /B php "C:\xampp\htdocs\github\hrManagement\auth\emailSender.php" "" "password" "" "" "" "" "" """
Command: 
Command: start /B php "C:\xampp\htdocs\github\hrManagement\auth\emailSender.php" "ywR7Yq" "password" "" "" "" "" "" "8""
Command: start /B php "C:\xampp\htdocs\github\hrManagement\auth\emailSender.php" "FXPB6c" "ForgotEmployeePass" "" "" "" "" "" "8""
Command: start /B php "C:\xampp\htdocs\github\hrManagement\auth\emailSender.php" "yBaqn8" "ForgotEmployeePass" "" "" "" "" "" "8""
Command: start /B php "C:\xampp\htdocs\github\hrManagement\auth\emailSender.php" "8" "ForgotEmployeePass" "" "" "" "" "" "IwsPj8""
Command: start /B php "C:\xampp\htdocs\github\hrManagement\auth\emailSender.php" "1" "password" "" "" "" "" "" "L6fBxK""
Command: start /B php "C:\xampp\htdocs\github\hrManagement\auth\emailSender.php" "8" "ForgotEmployeePass" "" "" "" "" "" "sgDB2J""
